Update Managed Component C1 From CMP-2000-05332-1[CL10B104KB8NNNC] To CMP-2000-05332-1[CL10B104KB8NNNC] in SensorBoardSchm.SchDoc
Update Managed Component C2 From CMP-2000-05332-1[CL10B104KB8NNNC] To CMP-2000-05332-1[CL10B104KB8NNNC] in SensorBoardSchm.SchDoc
Update Managed Component C3 From CMP-2000-05332-1[CL10B104KB8NNNC] To CMP-2000-05332-1[CL10B104KB8NNNC] in SensorBoardSchm.SchDoc
Update Managed Component C4 From CMP-2000-05002-2[CC0603KRX7R7BB104] To CMP-2000-05002-2[CC0603KRX7R7BB104] in SensorBoardSchm.SchDoc
Update Managed Component C5 From CMP-2006-02836-2[GRM188R71A225KE15D] To CMP-2006-02836-2[GRM188R71A225KE15D] in SensorBoardSchm.SchDoc
Update Managed Component C6 From CMP-2000-05332-1[CL10B104KB8NNNC] To CMP-2000-05332-1[CL10B104KB8NNNC] in SensorBoardSchm.SchDoc
Update Managed Component C7 From CMP-03422-001047-1[CC0603KPX7R7BB105] To CMP-03422-001047-1[CC0603KPX7R7BB105] in SensorBoardSchm.SchDoc
Update Managed Component C8 From CMP-2006-02792-2[GRM188R60J106ME47D] To CMP-2006-02792-2[GRM188R60J106ME47D] in SensorBoardSchm.SchDoc
Replace Part C9 C0603C103K3RACTU in C:\Users\randy\Documents\GitHub\SensorBoard\pIRfusiX_sensorBoard\SensorBoardSchm.SchDoc with C0603C103K3RACTU from SensorBoardSchLib.SchLib
Update Managed Component C10 From CMP-1662-00022-2[GRM1885C1H102JA01D] To CMP-1662-00022-2[GRM1885C1H102JA01D] in SensorBoardSchm.SchDoc
Update Managed Component C11 From CMP-2000-04978-2[C1608X5R0J106M080AB] To CMP-2000-04978-2[C1608X5R0J106M080AB] in SensorBoardSchm.SchDoc
Update Managed Component C12 From CMP-1662-00022-2[GRM1885C1H102JA01D] To CMP-1662-00022-2[GRM1885C1H102JA01D] in SensorBoardSchm.SchDoc
Update Managed Component C14 From CMP-2006-03333-2[C0603C472J5GACTU] To CMP-2006-03333-2[C0603C472J5GACTU] in SensorBoardSchm.SchDoc
Update Managed Component D1 From CMP-2000-07119-2[SML-LX0404SIUPGUSB] To CMP-2000-07119-2[SML-LX0404SIUPGUSB] in SensorBoardSchm.SchDoc
Update Managed Component D2 From CMP-02520-000010-1[TLMO1000-GS08] To CMP-02520-000010-1[TLMO1000-GS08] in SensorBoardSchm.SchDoc
Replace Part D3 SIR19-21C/TR8 in C:\Users\randy\Documents\GitHub\SensorBoard\pIRfusiX_sensorBoard\SensorBoardSchm.SchDoc with SIR19-21C/TR8 from SensorBoardSchLib.SchLib
Replace Part D4 SIR19-21C/TR8 in C:\Users\randy\Documents\GitHub\SensorBoard\pIRfusiX_sensorBoard\SensorBoardSchm.SchDoc with SIR19-21C/TR8 from SensorBoardSchLib.SchLib
Update Managed Component D5 From CMP-14436-000007-1[PRTR5V0U2X,215] To CMP-14436-000007-1[PRTR5V0U2X,215] in SensorBoardSchm.SchDoc
Update Managed Component D6 From CMP-1055-00401-1[MBR0540T1G] To CMP-1055-00401-1[MBR0540T1G] in SensorBoardSchm.SchDoc
Update Managed Component D7 From CMP-1055-00401-1[MBR0540T1G] To CMP-1055-00401-1[MBR0540T1G] in SensorBoardSchm.SchDoc
Update Managed Component FB1 From CMP-0686-00530-3[BLM18EG101TN1D] To CMP-0686-00530-3[BLM18EG101TN1D] in SensorBoardSchm.SchDoc
Replace Part J2 ISP_Connector in C:\Users\randy\Documents\GitHub\SensorBoard\pIRfusiX_sensorBoard\SensorBoardSchm.SchDoc with ISP_Connector from SensorBoardSchLib.SchLib
Replace Part Q1 TSM3443CX6RFG in C:\Users\randy\Documents\GitHub\SensorBoard\pIRfusiX_sensorBoard\SensorBoardSchm.SchDoc with TSM3443CX6RFG from SensorBoardSchLib.SchLib
Update Managed Component R1 From CMP-2000-00433-1[ERJ-3EKF3242V] To CMP-2000-00433-1[ERJ-3EKF3242V] in SensorBoardSchm.SchDoc
Update Managed Component R2 From CMP-1012-00454-3[CRCW0603330RFKEA] To CMP-1012-00454-3[CRCW0603330RFKEA] in SensorBoardSchm.SchDoc
Update Managed Component R3 From CMP-1012-00454-3[CRCW0603330RFKEA] To CMP-1012-00454-3[CRCW0603330RFKEA] in SensorBoardSchm.SchDoc
Update Managed Component R4 From CMP-1012-00454-3[CRCW0603330RFKEA] To CMP-1012-00454-3[CRCW0603330RFKEA] in SensorBoardSchm.SchDoc
Update Managed Component R5 From CMP-2000-00433-1[ERJ-3EKF3242V] To CMP-2000-00433-1[ERJ-3EKF3242V] in SensorBoardSchm.SchDoc
Update Managed Component R6 From CMP-2000-03837-1[CRCW060310K0FKTB] To CMP-2000-03837-1[CRCW060310K0FKTB] in SensorBoardSchm.SchDoc
Update Managed Component R7 From CMP-1666-00003-5[CRCW06031K00FKEA] To CMP-1666-00003-5[CRCW06031K00FKEA] in SensorBoardSchm.SchDoc
Update Managed Component R8 From CMP-07231-003020-1[CR0603-FX-4701ELF] To CMP-07231-003020-1[CR0603-FX-4701ELF] in SensorBoardSchm.SchDoc
Update Managed Component R9 From CMP-2000-03817-2[CRCW06030000Z0EAHP] To CMP-2000-03817-2[CRCW06030000Z0EAHP] in SensorBoardSchm.SchDoc
Update Managed Component R10 From CMP-07231-003020-1[CR0603-FX-4701ELF] To CMP-07231-003020-1[CR0603-FX-4701ELF] in SensorBoardSchm.SchDoc
Update Managed Component R11 From CMP-07231-003020-1[CR0603-FX-4701ELF] To CMP-07231-003020-1[CR0603-FX-4701ELF] in SensorBoardSchm.SchDoc
Update Managed Component R12 From CMP-1659-00056-1[RC0603FR-071ML] To CMP-1659-00056-1[RC0603FR-071ML] in SensorBoardSchm.SchDoc
Update Managed Component R13 From CMP-2100-03662-2[RC0603FR-07100KL] To CMP-2100-03662-2[RC0603FR-07100KL] in SensorBoardSchm.SchDoc
Update Managed Component SW1 From CMP-1677-00003-1[B3U-3000P] To CMP-1677-00003-1[B3U-3000P] in SensorBoardSchm.SchDoc
Update Managed Component SW2 From CMP-10038-000001-1[JS102011JAQN] To CMP-10038-000001-1[JS102011JAQN] in SensorBoardSchm.SchDoc
Replace Part U1 NINA-B306-00B-00 in C:\Users\randy\Documents\GitHub\SensorBoard\pIRfusiX_sensorBoard\SensorBoardSchm.SchDoc with NINA-B306-00B-00 from SensorBoardSchLib.SchLib
Update Managed Component U2 From CMP-04917-000026-1[TPS73033DBVR] To CMP-04917-000026-1[TPS73033DBVR] in SensorBoardSchm.SchDoc
Replace Part U3 AT25SF041B-SHB-T in C:\Users\randy\Documents\GitHub\SensorBoard\pIRfusiX_sensorBoard\SensorBoardSchm.SchDoc with AT25SF041B-SHB-T from SensorBoardSchLib.SchLib
Replace Part U4 AS7263-BLGT in C:\Users\randy\Documents\GitHub\SensorBoard\pIRfusiX_sensorBoard\SensorBoardSchm.SchDoc with AS7263-BLGT from AS7263-BLGT (1).IntLib
Update Managed Component U6 From CMP-0133-00144-2[MCP73831T-2ATI/OT] To CMP-0133-00144-2[MCP73831T-2ATI/OT] in SensorBoardSchm.SchDoc
