Removed Pin From Net: NetName=GND Pin=J3-MP2
Change component parameters: Designator = "R1" ("R1"); Footprint = "RESC1608X55X30ML15T15"; UniqueID = "\MRUWXBLQ" ("\MRUWXBLQ")
Change component parameters (AddParameter): Name = "Manufacturer"; Value = "Panasonic"; VariantName = "[No Variations]"
Change component parameters (AddParameter): Name = "Part Number"; Value = "ERJ-3EKF3242V"; VariantName = "[No Variations]"
Change component parameters (AddParameter): Name = "Resistance"; Value = "32.4kR"; VariantName = "[No Variations]"
Change component parameters: Designator = "D3" ("D3"); Footprint = "SIR19-21C/TR8"; UniqueID = "\PFADJJIX" ("\PFADJJIX")
Change component parameters (AddParameter): Name = "Supplier 1"; Value = "Digi-Key"; VariantName = "[No Variations]"
Change component parameters (AddParameter): Name = "Supplier Part Number 1"; Value = "1080-1425-1-ND"; VariantName = "[No Variations]"
Added Component: Designator=J1(GCT_USB3090-XX-X_REVE)
Add component (AddParameter): Name = "Availability"; Value = "Unavailable"; VariantName = "[No Variations]"
Add component (AddParameter): Name = "MF"; Value = "Global Connector Technology"; VariantName = "[No Variations]"
Add component (AddParameter): Name = "MP"; Value = "USB3090-30-A"; VariantName = "[No Variations]"
Add component (AddParameter): Name = "Package"; Value = "None"; VariantName = "[No Variations]"
Add component (AddParameter): Name = "Price"; Value = "None"; VariantName = "[No Variations]"
Add component (AddParameter): Name = "SnapEDA_Link"; Value = "https://www.snapeda.com/parts/USB3090-30-A/Global%20Connector%20Technology/view-part/281875/?ref=snap"; VariantName = "[No Variations]"
Add component (AddParameter): Name = "Supplier 1"; Value = "Digi-Key"; VariantName = "[No Variations]"
Add component (AddParameter): Name = "Supplier Part Number 1"; Value = "2073-USB3090-30-ATR-ND"; VariantName = "[No Variations]"
Add component (AddParameter): Name = "Value"; Value = ""; VariantName = "[No Variations]"
Added Component: Designator=J2(JST Programmer)
Added Pin To Net: NetName=VBUS Pin=J1-1
Added Pin To Net: NetName=USB_N Pin=J1-2
Added Pin To Net: NetName=USB_P Pin=J1-3
Added Pin To Net: NetName=GND Pin=J1-5
Added Pin To Net: NetName=NetC14_1 Pin=J1-6
Added Pin To Net: NetName=NetC14_1 Pin=J1-7
Added Pin To Net: NetName=NetC14_1 Pin=J1-8
Added Pin To Net: NetName=NetC14_1 Pin=J1-9
Added Pin To Net: NetName=3.3V Pin=J2-1
Added Pin To Net: NetName=GND Pin=J2-5
Added Member To Class: ClassName=SensorBoardSchm Member=Component J1 USB3090-XX-X_REVE
Added Member To Class: ClassName=SensorBoardSchm Member=Component J2 ISP_Connector
Added Room: Name=SensorBoardSchm
