Removed Pin From Net: NetName=SDA Pin=U1-2
Removed Pin From Net: NetName=SCL Pin=U1-3
Removed Pin From Net: NetName=LG Pin=U1-4
Removed Pin From Net: NetName=LR Pin=U1-5
Removed Pin From Net: NetName=LB Pin=U1-43
Removed Pin From Net: NetName=Net*_4 Pin=U2-3
Change Component Designator: OldDesignator=* NewDesignator=Q1
Added Component: Designator=SW2(FP-JS102011JAQN-MFG)
Add component (AddParameter): Name = "Automotive"; Value = "No"; VariantName = "[No Variations]"
Add component (AddParameter): Name = "Category"; Value = "Switch"; VariantName = "[No Variations]"
Add component (AddParameter): Name = "ComponentLink2Description"; Value = "Datasheet"; VariantName = "[No Variations]"
Add component (AddParameter): Name = "ComponentLink2URL"; Value = "https://www.ckswitches.com/media/1422/js.pdf"; VariantName = "[No Variations]"
Add component (AddParameter): Name = "Contact Current Rating"; Value = "300mA"; VariantName = "[No Variations]"
Add component (AddParameter): Name = "Contact Resistance"; Value = "70mO"; VariantName = "[No Variations]"
Add component (AddParameter): Name = "Device Class L1"; Value = "Electromechanical"; VariantName = "[No Variations]"
Add component (AddParameter): Name = "Device Class L2"; Value = "Switches"; VariantName = "[No Variations]"
Add component (AddParameter): Name = "Device Class L3"; Value = "Slide Switches"; VariantName = "[No Variations]"
Add component (AddParameter): Name = "Digikey Description"; Value = "SWITCH SLIDE SPDT 300MA 6V"; VariantName = "[No Variations]"
Add component (AddParameter): Name = "Electromechanical Life"; Value = "5000Cycles"; VariantName = "[No Variations]"
Add component (AddParameter): Name = "Height"; Value = "3.5mm"; VariantName = "[No Variations]"
Add component (AddParameter): Name = "Lead Free"; Value = "Yes"; VariantName = "[No Variations]"
Add component (AddParameter): Name = "Manufacturer"; Value = "C&K"; VariantName = "[No Variations]"
Add component (AddParameter): Name = "Manufacturer Part Number"; Value = "JS102011JAQN"; VariantName = "[No Variations]"
Add component (AddParameter): Name = "Mount"; Value = "Surface Mount"; VariantName = "[No Variations]"
Add component (AddParameter): Name = "Mouser Description"; Value = "JS Series Sub-Miniature Slide Switch SPDT Right-Angle SMT"; VariantName = "[No Variations]"
Add component (AddParameter): Name = "Octopart"; Value = "https://octopart.com/js102011jaqn-c%26k+components-74831566"; VariantName = "[No Variations]"
Add component (AddParameter): Name = "Package"; Value = "JS102011JAQN"; VariantName = "[No Variations]"
Add component (AddParameter): Name = "RoHS"; Value = "TRUE"; VariantName = "[No Variations]"
Add component (AddParameter): Name = "Temperature"; Value = "-40°C to +85°C"; VariantName = "[No Variations]"
Add component (AddParameter): Name = "Temperature Range High"; Value = "+85°C"; VariantName = "[No Variations]"
Add component (AddParameter): Name = "Temperature Range Low"; Value = "-40°C"; VariantName = "[No Variations]"
Add component (AddParameter): Name = "Throw Configuration"; Value = "SPDT"; VariantName = "[No Variations]"
Add component (AddParameter): Name = "Voltage Rating Dc"; Value = "6V"; VariantName = "[No Variations]"
Added Pin To Net: NetName=GND Pin=SW2-1
Added Pin To Net: NetName=GND Pin=SW2-1
Added Pin To Net: NetName=Net*_4 Pin=SW2-3
Added Pin To Net: NetName=Net*_4 Pin=SW2-3
Added Pin To Net: NetName=LG Pin=U1-20
Added Pin To Net: NetName=LB Pin=U1-21
Added Pin To Net: NetName=LR Pin=U1-22
Added Pin To Net: NetName=SCL Pin=U1-47
Added Pin To Net: NetName=SDA Pin=U1-48
Added Pin To Net: NetName=GND Pin=U1-EAGP1
Added Pin To Net: NetName=GND Pin=U1-EAGP2
Added Pin To Net: NetName=GND Pin=U1-EAGP3
Added Pin To Net: NetName=GND Pin=U1-EAGP4
Added Pin To Net: NetName=GND Pin=U1-EGP1
Added Pin To Net: NetName=GND Pin=U1-EGP2
Added Pin To Net: NetName=GND Pin=U1-EGP3
Added Pin To Net: NetName=GND Pin=U1-EGP4
Added Pin To Net: NetName=GND Pin=U1-EGP5
Added Pin To Net: NetName=GND Pin=U1-EGP6
Added Pin To Net: NetName=GND Pin=U1-EGP7
Added Pin To Net: NetName=GND Pin=U1-EGP8
Added Pin To Net: NetName=GND Pin=U1-EGP9
Added Pin To Net: NetName=GND Pin=U1-EGP10
Added Pin To Net: NetName=GND Pin=U1-EGP11
Added Pin To Net: NetName=GND Pin=U1-EGP12
Change Net Name : Old Net Name=Net*_4 New Net Name=NetC4_1
Added Pin To Net: NetName=NetSW2_2 Pin=SW2-2
Added Pin To Net: NetName=NetSW2_2 Pin=SW2-2
Added Pin To Net: NetName=NetSW2_2 Pin=U2-3
Added Net: Name=NetSW2_2
Added Member To Class: ClassName=SensorBoardSchm Member=Component C1 CL10B104KB8NNNC
Added Member To Class: ClassName=SensorBoardSchm Member=Component C2 CL10B104KB8NNNC
Added Member To Class: ClassName=SensorBoardSchm Member=Component C3 CL10B104KB8NNNC
Added Member To Class: ClassName=SensorBoardSchm Member=Component C4 CC0603KRX7R7BB104
Added Member To Class: ClassName=SensorBoardSchm Member=Component C5 GRM188R71A225KE15D
Added Member To Class: ClassName=SensorBoardSchm Member=Component C6 CL10B104KB8NNNC
Added Member To Class: ClassName=SensorBoardSchm Member=Component C7 CC0603KPX7R7BB105
Added Member To Class: ClassName=SensorBoardSchm Member=Component C8 GRM188R60J106ME47D
Added Member To Class: ClassName=SensorBoardSchm Member=Component C11 C1608X5R0J106M080AB
Added Member To Class: ClassName=SensorBoardSchm Member=Component C14 C0603C472J5GACTU
Added Member To Class: ClassName=SensorBoardSchm Member=Component D1 SML-LX0404SIUPGUSB
Added Member To Class: ClassName=SensorBoardSchm Member=Component D2 TLMO1000-GS08
Added Member To Class: ClassName=SensorBoardSchm Member=Component D3 SIR19-21C/TR8
Added Member To Class: ClassName=SensorBoardSchm Member=Component D4 SIR19-21C/TR8
Added Member To Class: ClassName=SensorBoardSchm Member=Component D5 PRTR5V0U2X,215
Added Member To Class: ClassName=SensorBoardSchm Member=Component D6 MBR0540T1G
Added Member To Class: ClassName=SensorBoardSchm Member=Component D7 MBR0540T1G
Added Member To Class: ClassName=SensorBoardSchm Member=Component FB1 BLM18EG101TN1D
Added Member To Class: ClassName=SensorBoardSchm Member=Component J1 USB3090-XX-X_REVE
Added Member To Class: ClassName=SensorBoardSchm Member=Component J2 ISP_Connector
Added Member To Class: ClassName=SensorBoardSchm Member=Component Q1 TSM3443CX6RFG
Added Member To Class: ClassName=SensorBoardSchm Member=Component R1 ERJ-3EKF3242V
Added Member To Class: ClassName=SensorBoardSchm Member=Component R2 CRCW0603330RFKEA
Added Member To Class: ClassName=SensorBoardSchm Member=Component R3 CRCW0603330RFKEA
Added Member To Class: ClassName=SensorBoardSchm Member=Component R4 CRCW0603330RFKEA
Added Member To Class: ClassName=SensorBoardSchm Member=Component R5 ERJ-3EKF3242V
Added Member To Class: ClassName=SensorBoardSchm Member=Component R6 CRCW060310K0FKTB
Added Member To Class: ClassName=SensorBoardSchm Member=Component R7 CRCW06031K00FKEA
Added Member To Class: ClassName=SensorBoardSchm Member=Component R8 CR0603-FX-4701ELF
Added Member To Class: ClassName=SensorBoardSchm Member=Component R9 CRCW06030000Z0EAHP
Added Member To Class: ClassName=SensorBoardSchm Member=Component R10 CR0603-FX-4701ELF
Added Member To Class: ClassName=SensorBoardSchm Member=Component R11 CR0603-FX-4701ELF
Added Member To Class: ClassName=SensorBoardSchm Member=Component R12 RC0603FR-071ML
Added Member To Class: ClassName=SensorBoardSchm Member=Component R13 RC0603FR-07100KL
Added Member To Class: ClassName=SensorBoardSchm Member=Component SW1 B3U-3000P
Added Member To Class: ClassName=SensorBoardSchm Member=Component SW2 JS102011JAQN
Added Member To Class: ClassName=SensorBoardSchm Member=Component U1 NINA-B306-00B-00
Added Member To Class: ClassName=SensorBoardSchm Member=Component U2 TPS73033DBVR
Added Member To Class: ClassName=SensorBoardSchm Member=Component U3 AT25SF041B-SHB-T
Added Member To Class: ClassName=SensorBoardSchm Member=Component U4 AS7263-BLGT
Added Member To Class: ClassName=SensorBoardSchm Member=Component U6 MCP73831T-2ATI/OT
